2023-04-03 18:01:07,615 - INFO - Accuracy of original model: 1.0
2023-04-03 18:01:12,648 - INFO - mean_r_l2 is:0.10858674347400665
2023-04-03 18:01:12,648 - INFO - median_r_l2 is:0.07913047820329666
2023-04-03 18:01:12,648 - INFO - lenght of perturb is : 10
##########################################################3
2026-05-09 15:29:23,184 - INFO - Accuracy of original model: 1.0
##########################################################3
2026-05-09 15:30:52,713 - INFO - Accuracy of original model: 1.0
2026-05-09 15:30:55,388 - INFO - mean_r_l2 is:0.23321481049060822
2026-05-09 15:30:55,388 - INFO - median_r_l2 is:0.23321481049060822
2026-05-09 15:30:55,388 - INFO - length of perturb is : 1
2026-05-09 15:30:55,388 - INFO - Time taken for 1 examples is 2.6744110584259033
##########################################################3
2026-05-09 15:31:22,332 - INFO - Accuracy of original model: 1.0
##########################################################3
2026-05-09 15:47:51,127 - INFO - Accuracy of original model: 1.0
2026-05-09 15:47:53,758 - INFO - mean_r_l2 is:0.23321481049060822
2026-05-09 15:47:53,758 - INFO - median_r_l2 is:0.23321481049060822
2026-05-09 15:47:53,758 - INFO - length of perturb is : 1
2026-05-09 15:47:53,758 - INFO - Time taken for 1 examples is 2.6300899982452393
##########################################################3
2026-05-09 15:48:14,759 - INFO - Accuracy of original model: 0.94
2026-05-09 15:55:10,619 - INFO - mean_r_l2 is:0.13451561331748962
2026-05-09 15:55:10,619 - INFO - median_r_l2 is:0.10018248856067657
2026-05-09 15:55:10,619 - INFO - length of perturb is : 100
2026-05-09 15:55:10,619 - INFO - Time taken for 100 examples is 415.85772490501404
##########################################################3
2026-05-09 16:28:03,489 - INFO - Accuracy of original model: 1.0
